{
  "RSpec": {
    "coverage": {
      "/Users/gaurijoshi/turing/1Module/projects/Enigma-Final/lib/key_generator.rb": {
        "lines": [
          1,
          1,
          1,
          12,
          null,
          null,
          1,
          0,
          null,
          null,
          null,
          null,
          1,
          0,
          0,
          0,
          null,
          null,
          null
        ]
      },
      "/Users/gaurijoshi/turing/1Module/projects/Enigma-Final/lib/offset.rb": {
        "lines": [
          1,
          1,
          1,
          20,
          null,
          null,
          1,
          4,
          null,
          null,
          1,
          2,
          null,
          null,
          1,
          0,
          null,
          null
        ]
      },
      "/Users/gaurijoshi/turing/1Module/projects/Enigma-Final/spec/spec_helper.rb": {
        "lines": [
          1,
          1,
          null,
          1,
          1,
          1
        ]
      },
      "/Users/gaurijoshi/turing/1Module/projects/Enigma-Final/spec/enigma_spec.rb": {
        "lines": [
          1,
          1,
          1,
          1,
          null,
          1,
          1,
          3,
          null,
          null,
          null,
          1,
          1,
          null,
          null,
          null,
          1,
          1,
          1,
          null,
          null,
          1,
          1,
          null,
          null,
          1,
          0,
          null,
          null,
          1,
          0,
          null,
          null,
          null,
          null,
          null,
          null,
          1,
          0,
          null,
          null,
          null,
          null,
          null,
          1,
          0,
          0,
          null,
          null,
          null,
          null,
          null,
          1,
          0,
          null,
          null,
          null,
          null,
          null
        ]
      },
      "/Users/gaurijoshi/turing/1Module/projects/Enigma-Final/spec/key_generator_spec.rb": {
        "lines": [
          1,
          1,
          null,
          null,
          1,
          1,
          1,
          null,
          null,
          1,
          1,
          null,
          null,
          1,
          null,
          null,
          null,
          null,
          null,
          null
        ]
      },
      "/Users/gaurijoshi/turing/1Module/projects/Enigma-Final/spec/offset_spec.rb": {
        "lines": [
          1,
          1,
          1,
          1,
          1,
          1,
          null,
          1,
          1,
          5,
          5,
          5,
          null,
          null,
          1,
          1,
          null,
          null,
          1,
          1,
          null,
          null,
          1,
          1,
          null,
          null,
          1,
          1,
          null,
          null,
          null,
          1,
          1,
          null,
          null
        ]
      },
      "/Users/gaurijoshi/turing/1Module/projects/Enigma-Final/spec/shift_spec.rb": {
        "lines": [
          1,
          1,
          1,
          1,
          1,
          null,
          1,
          1,
          4,
          4,
          null,
          null,
          null,
          1,
          1,
          null,
          null,
          1,
          1,
          null,
          null,
          1,
          1,
          null,
          null,
          1,
          1,
          null,
          null
        ]
      },
      "/Users/gaurijoshi/turing/1Module/projects/Enigma-Final/lib/shift.rb": {
        "lines": [
          1,
          1,
          1,
          1,
          null,
          1,
          4,
          4,
          4,
          null,
          null,
          1,
          null,
          null,
          1,
          null,
          null,
          null,
          null,
          null,
          null
        ]
      }
    },
    "timestamp": 1655166845
  }
}
